build/app/intermediates/manifest_merge_blame_file/release/manifest-merger-blame-release-report.txt
1<?xml version="1.0" encoding="utf-8"?>
2<manifest xmlns:android="http://schemas.android.com/apk/res/android"
3    package="com.delta.triangle"
4    android:versionCode="1001"
5    android:versionName="1.0.0" >
6
7    <uses-sdk
8        android:minSdkVersion="23"
9        android:targetSdkVersion="35" />
10
11    <uses-permission android:name="android.permission.INTERNET" />
11-->src\main\AndroidManifest.xml:4:5-66
11-->src\main\AndroidManifest.xml:4:22-64
12    <uses-permission android:name="android.permission.RECEIVE_BOOT_COMPLETED" />
12-->src\main\AndroidManifest.xml:6:5-81
12-->src\main\AndroidManifest.xml:6:22-78
13    <uses-permission android:name="android.permission.VIBRATE" />
13-->src\main\AndroidManifest.xml:7:5-66
13-->src\main\AndroidManifest.xml:7:22-63
14    <uses-permission android:name="com.google.android.c2dm.permission.RECEIVE" />
14-->src\main\AndroidManifest.xml:8:5-82
14-->src\main\AndroidManifest.xml:8:22-79
15
16    <queries>
16-->[:file_picker] AndroidManifest.xml:7:5-13:15
17        <intent>
17-->[:file_picker] AndroidManifest.xml:8:9-12:18
18            <action android:name="android.intent.action.GET_CONTENT" />
18-->[:file_picker] AndroidManifest.xml:9:13-72
18-->[:file_picker] AndroidManifest.xml:9:21-69
19
20            <data android:mimeType="*/*" />
20-->[:file_picker] AndroidManifest.xml:11:13-44
20-->[:file_picker] AndroidManifest.xml:11:19-41
21        </intent>
22    </queries>
23
24    <uses-permission android:name="android.permission.ACCESS_NETWORK_STATE" />
24-->[:firebase_analytics] AndroidManifest.xml:7:5-79
24-->[:firebase_analytics] AndroidManifest.xml:7:22-76
25    <uses-permission android:name="android.permission.WAKE_LOCK" /> <!-- Permissions options for the `notification` group -->
25-->[:firebase_analytics] AndroidManifest.xml:9:5-68
25-->[:firebase_analytics] AndroidManifest.xml:9:22-65
26    <uses-permission android:name="android.permission.POST_NOTIFICATIONS" />
26-->[:firebase_messaging] AndroidManifest.xml:11:5-77
26-->[:firebase_messaging] AndroidManifest.xml:11:22-74
27    <uses-permission android:name="android.permission.FOREGROUND_SERVICE" />
27-->[androidx.work:work-runtime:2.9.1] AndroidManifest.xml:26:5-77
27-->[androidx.work:work-runtime:2.9.1] AndroidManifest.xml:26:22-74
28    <uses-permission android:name="com.google.android.finsky.permission.BIND_GET_INSTALL_REFERRER_SERVICE" />
28-->[com.google.android.gms:play-services-measurement:22.4.0] AndroidManifest.xml:26:5-110
28-->[com.google.android.gms:play-services-measurement:22.4.0] AndroidManifest.xml:26:22-107
29    <uses-permission android:name="com.google.android.gms.permission.AD_ID" />
29-->[com.google.android.gms:play-services-measurement-api:22.4.0] AndroidManifest.xml:25:5-79
29-->[com.google.android.gms:play-services-measurement-api:22.4.0] AndroidManifest.xml:25:22-76
30    <uses-permission android:name="android.permission.ACCESS_ADSERVICES_ATTRIBUTION" />
30-->[com.google.android.gms:play-services-measurement-api:22.4.0] AndroidManifest.xml:26:5-88
30-->[com.google.android.gms:play-services-measurement-api:22.4.0] AndroidManifest.xml:26:22-85
31    <uses-permission android:name="android.permission.ACCESS_ADSERVICES_AD_ID" />
31-->[com.google.android.gms:play-services-measurement-api:22.4.0] AndroidManifest.xml:27:5-82
31-->[com.google.android.gms:play-services-measurement-api:22.4.0] AndroidManifest.xml:27:22-79
32    <uses-permission android:name="com.google.android.providers.gsf.permission.READ_GSERVICES" />
32-->[com.google.android.recaptcha:recaptcha:18.6.1] AndroidManifest.xml:9:5-98
32-->[com.google.android.recaptcha:recaptcha:18.6.1] AndroidManifest.xml:9:22-95
33
34    <permission
34-->[androidx.core:core:1.13.1] AndroidManifest.xml:22:5-24:47
35        android:name="com.delta.triangle.DYNAMIC_RECEIVER_NOT_EXPORTED_PERMISSION"
35-->[androidx.core:core:1.13.1] AndroidManifest.xml:23:9-81
36        android:protectionLevel="signature" />
36-->[androidx.core:core:1.13.1] AndroidManifest.xml:24:9-44
37
38    <uses-permission android:name="com.delta.triangle.DYNAMIC_RECEIVER_NOT_EXPORTED_PERMISSION" />
38-->[androidx.core:core:1.13.1] AndroidManifest.xml:26:5-97
38-->[androidx.core:core:1.13.1] AndroidManifest.xml:26:22-94
39
40    <application
41        android:name="android.app.Application"
41-->src\main\AndroidManifest.xml:12:8-41
42        android:appComponentFactory="androidx.core.app.CoreComponentFactory"
42-->[androidx.core:core:1.13.1] AndroidManifest.xml:28:18-86
43        android:extractNativeLibs="false"
44        android:icon="@mipmap/ic_launcher"
44-->src\main\AndroidManifest.xml:13:9-43
45        android:label="Mdecco" >
45-->src\main\AndroidManifest.xml:11:8-30
46
47        <!-- <service -->
48        <!-- android:name=".java.MyFirebaseMessagingService" -->
49        <!-- android:exported="false"> -->
50
51
52        <!-- <service android:name="com.google.firebase.messaging.FirebaseMessagingService"> -->
53        <!-- <intent-filter> -->
54        <!-- <action android:name="com.google.firebase.MESSAGING_EVENT" /> -->
55        <!-- </intent-filter> -->
56        <!-- </service> -->
57
58        <activity
58-->src\main\AndroidManifest.xml:26:9-58:20
59            android:name="com.delta.triangle.MainActivity"
59-->src\main\AndroidManifest.xml:27:13-41
60            android:configChanges="orientation|keyboardHidden|keyboard|screenSize|smallestScreenSize|locale|layoutDirection|fontScale|screenLayout|density|uiMode"
60-->src\main\AndroidManifest.xml:32:13-163
61            android:exported="true"
61-->src\main\AndroidManifest.xml:28:13-36
62            android:hardwareAccelerated="true"
62-->src\main\AndroidManifest.xml:33:13-47
63            android:launchMode="singleTop"
63-->src\main\AndroidManifest.xml:29:13-43
64            android:theme="@style/LaunchTheme"
64-->src\main\AndroidManifest.xml:31:13-47
65            android:usesCleartextTraffic="true"
65-->src\main\AndroidManifest.xml:30:13-48
66            android:windowSoftInputMode="adjustResize" >
66-->src\main\AndroidManifest.xml:34:13-55
67
68            <!--
69                 Specifies an Android theme to apply to this Activity as soon as
70                 the Android process has started. This theme is visible to the user
71                 while the Flutter UI initializes. After that, this theme continues
72                 to determine the Window background behind the Flutter UI.
73            -->
74            <!-- <meta-data -->
75            <!-- android:name="io.flutter.embedding.android.NormalTheme" -->
76            <!-- android:resource="@style/NormalTheme" -->
77            <!-- /> -->
78            <!-- <meta-data android:name="io.flutter.network-policy" -->
79            <!-- android:resource="@xml/network_security_config"/> -->
80            <!--
81                 Displays an Android View that continues showing the launch screen
82                 Drawable until Flutter paints its first frame, then this splash
83                 screen fades out. A splash screen is useful to avoid any visual
84                 gap between the end of Android's launch screen and the painting of
85                 Flutter's first frame.
86            -->
87            <meta-data
87-->src\main\AndroidManifest.xml:50:13-53:17
88                android:name="io.flutter.embedding.android.SplashScreenDrawable"
88-->src\main\AndroidManifest.xml:51:15-79
89                android:resource="@drawable/launch_background" />
89-->src\main\AndroidManifest.xml:52:15-61
90
91            <intent-filter>
91-->src\main\AndroidManifest.xml:54:13-57:29
92                <action android:name="android.intent.action.MAIN" />
92-->src\main\AndroidManifest.xml:55:17-68
92-->src\main\AndroidManifest.xml:55:25-66
93
94                <category android:name="android.intent.category.LAUNCHER" />
94-->src\main\AndroidManifest.xml:56:17-76
94-->src\main\AndroidManifest.xml:56:27-74
95            </intent-filter>
96        </activity>
97        <!--
98             Don't delete the meta-data below.
99             This is used by the Flutter tool to generate GeneratedPluginRegistrant.java
100        -->
101        <meta-data
101-->src\main\AndroidManifest.xml:61:9-63:33
102            android:name="flutterEmbedding"
102-->src\main\AndroidManifest.xml:62:13-44
103            android:value="2" />
103-->src\main\AndroidManifest.xml:63:13-30
104        <!-- <meta-data -->
105        <!-- android:name="com.google.firebase.messaging.default_notification_channel_id" -->
106        <!-- android:value="@string/default_notification_channel_id" /> -->
107        <service
107-->[:cloud_firestore] AndroidManifest.xml:8:9-12:19
108            android:name="com.google.firebase.components.ComponentDiscoveryService"
108-->[:cloud_firestore] AndroidManifest.xml:8:18-89
109            android:directBootAware="true"
109-->[com.google.firebase:firebase-common:21.0.0] AndroidManifest.xml:32:13-43
110            android:exported="false" >
110-->[com.google.firebase:firebase-messaging:24.1.1] AndroidManifest.xml:56:13-37
111            <meta-data
111-->[:cloud_firestore] AndroidManifest.xml:9:13-11:85
112                android:name="com.google.firebase.components:io.flutter.plugins.firebase.firestore.FlutterFirebaseFirestoreRegistrar"
112-->[:cloud_firestore] AndroidManifest.xml:10:17-134
113                android:value="com.google.firebase.components.ComponentRegistrar" />
113-->[:cloud_firestore] AndroidManifest.xml:11:17-82
114            <meta-data
114-->[:firebase_analytics] AndroidManifest.xml:13:13-15:85
115                android:name="com.google.firebase.components:io.flutter.plugins.firebase.analytics.FlutterFirebaseAppRegistrar"
115-->[:firebase_analytics] AndroidManifest.xml:14:17-128
116                android:value="com.google.firebase.components.ComponentRegistrar" />
116-->[:firebase_analytics] AndroidManifest.xml:15:17-82
117            <meta-data
117-->[:firebase_auth] AndroidManifest.xml:9:13-11:85
118                android:name="com.google.firebase.components:io.flutter.plugins.firebase.auth.FlutterFirebaseAuthRegistrar"
118-->[:firebase_auth] AndroidManifest.xml:10:17-124
119                android:value="com.google.firebase.components.ComponentRegistrar" />
119-->[:firebase_auth] AndroidManifest.xml:11:17-82
120            <meta-data
120-->[:firebase_messaging] AndroidManifest.xml:36:13-38:85
121                android:name="com.google.firebase.components:io.flutter.plugins.firebase.messaging.FlutterFirebaseAppRegistrar"
121-->[:firebase_messaging] AndroidManifest.xml:37:17-128
122                android:value="com.google.firebase.components.ComponentRegistrar" />
122-->[:firebase_messaging] AndroidManifest.xml:38:17-82
123            <meta-data
123-->[:firebase_core] AndroidManifest.xml:9:13-11:85
124                android:name="com.google.firebase.components:io.flutter.plugins.firebase.core.FlutterFirebaseCoreRegistrar"
124-->[:firebase_core] AndroidManifest.xml:10:17-124
125                android:value="com.google.firebase.components.ComponentRegistrar" />
125-->[:firebase_core] AndroidManifest.xml:11:17-82
126            <meta-data
126-->[com.google.firebase:firebase-messaging:24.1.1] AndroidManifest.xml:57:13-59:85
127                android:name="com.google.firebase.components:com.google.firebase.messaging.FirebaseMessagingKtxRegistrar"
127-->[com.google.firebase:firebase-messaging:24.1.1] AndroidManifest.xml:58:17-122
128                android:value="com.google.firebase.components.ComponentRegistrar" />
128-->[com.google.firebase:firebase-messaging:24.1.1] AndroidManifest.xml:59:17-82
129            <meta-data
129-->[com.google.firebase:firebase-messaging:24.1.1] AndroidManifest.xml:60:13-62:85
130                android:name="com.google.firebase.components:com.google.firebase.messaging.FirebaseMessagingRegistrar"
130-->[com.google.firebase:firebase-messaging:24.1.1] AndroidManifest.xml:61:17-119
131                android:value="com.google.firebase.components.ComponentRegistrar" />
131-->[com.google.firebase:firebase-messaging:24.1.1] AndroidManifest.xml:62:17-82
132            <meta-data
132-->[com.google.firebase:firebase-firestore:25.1.3] AndroidManifest.xml:17:13-19:85
133                android:name="com.google.firebase.components:com.google.firebase.firestore.FirebaseFirestoreKtxRegistrar"
133-->[com.google.firebase:firebase-firestore:25.1.3] AndroidManifest.xml:18:17-122
134                android:value="com.google.firebase.components.ComponentRegistrar" />
134-->[com.google.firebase:firebase-firestore:25.1.3] AndroidManifest.xml:19:17-82
135            <meta-data
135-->[com.google.firebase:firebase-firestore:25.1.3] AndroidManifest.xml:20:13-22:85
136                android:name="com.google.firebase.components:com.google.firebase.firestore.FirestoreRegistrar"
136-->[com.google.firebase:firebase-firestore:25.1.3] AndroidManifest.xml:21:17-111
137                android:value="com.google.firebase.components.ComponentRegistrar" />
137-->[com.google.firebase:firebase-firestore:25.1.3] AndroidManifest.xml:22:17-82
138            <meta-data
138-->[com.google.firebase:firebase-auth:23.2.0] AndroidManifest.xml:69:13-71:85
139                android:name="com.google.firebase.components:com.google.firebase.auth.FirebaseAuthRegistrar"
139-->[com.google.firebase:firebase-auth:23.2.0] AndroidManifest.xml:70:17-109
140                android:value="com.google.firebase.components.ComponentRegistrar" />
140-->[com.google.firebase:firebase-auth:23.2.0] AndroidManifest.xml:71:17-82
141            <meta-data
141-->[com.google.android.gms:play-services-measurement-api:22.4.0] AndroidManifest.xml:33:13-35:85
142                android:name="com.google.firebase.components:com.google.firebase.analytics.connector.internal.AnalyticsConnectorRegistrar"
142-->[com.google.android.gms:play-services-measurement-api:22.4.0] AndroidManifest.xml:34:17-139
143                android:value="com.google.firebase.components.ComponentRegistrar" />
143-->[com.google.android.gms:play-services-measurement-api:22.4.0] AndroidManifest.xml:35:17-82
144            <meta-data
144-->[com.google.firebase:firebase-installations:18.0.0] AndroidManifest.xml:15:13-17:85
145                android:name="com.google.firebase.components:com.google.firebase.installations.FirebaseInstallationsKtxRegistrar"
145-->[com.google.firebase:firebase-installations:18.0.0] AndroidManifest.xml:16:17-130
146                android:value="com.google.firebase.components.ComponentRegistrar" />
146-->[com.google.firebase:firebase-installations:18.0.0] AndroidManifest.xml:17:17-82
147            <meta-data
147-->[com.google.firebase:firebase-installations:18.0.0] AndroidManifest.xml:18:13-20:85
148                android:name="com.google.firebase.components:com.google.firebase.installations.FirebaseInstallationsRegistrar"
148-->[com.google.firebase:firebase-installations:18.0.0] AndroidManifest.xml:19:17-127
149                android:value="com.google.firebase.components.ComponentRegistrar" />
149-->[com.google.firebase:firebase-installations:18.0.0] AndroidManifest.xml:20:17-82
150            <meta-data
150-->[com.google.firebase:firebase-common-ktx:21.0.0] AndroidManifest.xml:12:13-14:85
151                android:name="com.google.firebase.components:com.google.firebase.ktx.FirebaseCommonLegacyRegistrar"
151-->[com.google.firebase:firebase-common-ktx:21.0.0] AndroidManifest.xml:13:17-116
152                android:value="com.google.firebase.components.ComponentRegistrar" />
152-->[com.google.firebase:firebase-common-ktx:21.0.0] AndroidManifest.xml:14:17-82
153            <meta-data
153-->[com.google.firebase:firebase-common:21.0.0] AndroidManifest.xml:35:13-37:85
154                android:name="com.google.firebase.components:com.google.firebase.FirebaseCommonKtxRegistrar"
154-->[com.google.firebase:firebase-common:21.0.0] AndroidManifest.xml:36:17-109
155                android:value="com.google.firebase.components.ComponentRegistrar" />
155-->[com.google.firebase:firebase-common:21.0.0] AndroidManifest.xml:37:17-82
156            <meta-data
156-->[com.google.firebase:firebase-datatransport:18.2.0] AndroidManifest.xml:25:13-27:85
157                android:name="com.google.firebase.components:com.google.firebase.datatransport.TransportRegistrar"
157-->[com.google.firebase:firebase-datatransport:18.2.0] AndroidManifest.xml:26:17-115
158                android:value="com.google.firebase.components.ComponentRegistrar" />
158-->[com.google.firebase:firebase-datatransport:18.2.0] AndroidManifest.xml:27:17-82
159        </service>
160        <service
160-->[:firebase_messaging] AndroidManifest.xml:14:9-17:72
161            android:name="io.flutter.plugins.firebase.messaging.FlutterFirebaseMessagingBackgroundService"
161-->[:firebase_messaging] AndroidManifest.xml:15:13-107
162            android:exported="false"
162-->[:firebase_messaging] AndroidManifest.xml:16:13-37
163            android:permission="android.permission.BIND_JOB_SERVICE" />
163-->[:firebase_messaging] AndroidManifest.xml:17:13-69
164        <service
164-->[:firebase_messaging] AndroidManifest.xml:18:9-24:19
165            android:name="io.flutter.plugins.firebase.messaging.FlutterFirebaseMessagingService"
165-->[:firebase_messaging] AndroidManifest.xml:19:13-97
166            android:exported="false" >
166-->[:firebase_messaging] AndroidManifest.xml:20:13-37
167            <intent-filter>
167-->[:firebase_messaging] AndroidManifest.xml:21:13-23:29
168                <action android:name="com.google.firebase.MESSAGING_EVENT" />
168-->[:firebase_messaging] AndroidManifest.xml:22:17-78
168-->[:firebase_messaging] AndroidManifest.xml:22:25-75
169            </intent-filter>
170        </service>
171
172        <receiver
172-->[:firebase_messaging] AndroidManifest.xml:26:9-33:20
173            android:name="io.flutter.plugins.firebase.messaging.FlutterFirebaseMessagingReceiver"
173-->[:firebase_messaging] AndroidManifest.xml:27:13-98
174            android:exported="true"
174-->[:firebase_messaging] AndroidManifest.xml:28:13-36
175            android:permission="com.google.android.c2dm.permission.SEND" >
175-->[:firebase_messaging] AndroidManifest.xml:29:13-73
176            <intent-filter>
176-->[:firebase_messaging] AndroidManifest.xml:30:13-32:29
177                <action android:name="com.google.android.c2dm.intent.RECEIVE" />
177-->[:firebase_messaging] AndroidManifest.xml:31:17-81
177-->[:firebase_messaging] AndroidManifest.xml:31:25-78
178            </intent-filter>
179        </receiver>
180
181        <provider
181-->[:firebase_messaging] AndroidManifest.xml:41:9-45:38
182            android:name="io.flutter.plugins.firebase.messaging.FlutterFirebaseMessagingInitProvider"
182-->[:firebase_messaging] AndroidManifest.xml:42:13-102
183            android:authorities="com.delta.triangle.flutterfirebasemessaginginitprovider"
183-->[:firebase_messaging] AndroidManifest.xml:43:13-88
184            android:exported="false"
184-->[:firebase_messaging] AndroidManifest.xml:44:13-37
185            android:initOrder="99" />
185-->[:firebase_messaging] AndroidManifest.xml:45:13-35
186
187        <activity
187-->[:url_launcher_android] AndroidManifest.xml:8:9-11:74
188            android:name="io.flutter.plugins.urllauncher.WebViewActivity"
188-->[:url_launcher_android] AndroidManifest.xml:9:13-74
189            android:exported="false"
189-->[:url_launcher_android] AndroidManifest.xml:10:13-37
190            android:theme="@android:style/Theme.NoTitleBar.Fullscreen" />
190-->[:url_launcher_android] AndroidManifest.xml:11:13-71
191
192        <provider
192-->[androidx.work:work-runtime:2.9.1] AndroidManifest.xml:29:9-37:20
193            android:name="androidx.startup.InitializationProvider"
193-->[androidx.work:work-runtime:2.9.1] AndroidManifest.xml:30:13-67
194            android:authorities="com.delta.triangle.androidx-startup"
194-->[androidx.work:work-runtime:2.9.1] AndroidManifest.xml:31:13-68
195            android:exported="false" >
195-->[androidx.work:work-runtime:2.9.1] AndroidManifest.xml:32:13-37
196            <meta-data
196-->[androidx.work:work-runtime:2.9.1] AndroidManifest.xml:34:13-36:52
197                android:name="androidx.work.WorkManagerInitializer"
197-->[androidx.work:work-runtime:2.9.1] AndroidManifest.xml:35:17-68
198                android:value="androidx.startup" />
198-->[androidx.work:work-runtime:2.9.1] AndroidManifest.xml:36:17-49
199            <meta-data
199-->[androidx.lifecycle:lifecycle-process:2.7.0] AndroidManifest.xml:29:13-31:52
200                android:name="androidx.lifecycle.ProcessLifecycleInitializer"
200-->[androidx.lifecycle:lifecycle-process:2.7.0] AndroidManifest.xml:30:17-78
201                android:value="androidx.startup" />
201-->[androidx.lifecycle:lifecycle-process:2.7.0] AndroidManifest.xml:31:17-49
202            <meta-data
202-->[androidx.profileinstaller:profileinstaller:1.3.1] AndroidManifest.xml:29:13-31:52
203                android:name="androidx.profileinstaller.ProfileInstallerInitializer"
203-->[androidx.profileinstaller:profileinstaller:1.3.1] AndroidManifest.xml:30:17-85
204                android:value="androidx.startup" />
204-->[androidx.profileinstaller:profileinstaller:1.3.1] AndroidManifest.xml:31:17-49
205        </provider>
206
207        <service
207-->[androidx.work:work-runtime:2.9.1] AndroidManifest.xml:39:9-45:35
208            android:name="androidx.work.impl.background.systemalarm.SystemAlarmService"
208-->[androidx.work:work-runtime:2.9.1] AndroidManifest.xml:40:13-88
209            android:directBootAware="false"
209-->[androidx.work:work-runtime:2.9.1] AndroidManifest.xml:41:13-44
210            android:enabled="@bool/enable_system_alarm_service_default"
210-->[androidx.work:work-runtime:2.9.1] AndroidManifest.xml:42:13-72
211            android:exported="false" />
211-->[androidx.work:work-runtime:2.9.1] AndroidManifest.xml:43:13-37
212        <service
212-->[androidx.work:work-runtime:2.9.1] AndroidManifest.xml:46:9-52:35
213            android:name="androidx.work.impl.background.systemjob.SystemJobService"
213-->[androidx.work:work-runtime:2.9.1] AndroidManifest.xml:47:13-84
214            android:directBootAware="false"
214-->[androidx.work:work-runtime:2.9.1] AndroidManifest.xml:48:13-44
215            android:enabled="@bool/enable_system_job_service_default"
215-->[androidx.work:work-runtime:2.9.1] AndroidManifest.xml:49:13-70
216            android:exported="true"
216-->[androidx.work:work-runtime:2.9.1] AndroidManifest.xml:50:13-36
217            android:permission="android.permission.BIND_JOB_SERVICE" />
217-->[androidx.work:work-runtime:2.9.1] AndroidManifest.xml:51:13-69
218        <service
218-->[androidx.work:work-runtime:2.9.1] AndroidManifest.xml:53:9-59:35
219            android:name="androidx.work.impl.foreground.SystemForegroundService"
219-->[androidx.work:work-runtime:2.9.1] AndroidManifest.xml:54:13-81
220            android:directBootAware="false"
220-->[androidx.work:work-runtime:2.9.1] AndroidManifest.xml:55:13-44
221            android:enabled="@bool/enable_system_foreground_service_default"
221-->[androidx.work:work-runtime:2.9.1] AndroidManifest.xml:56:13-77
222            android:exported="false" />
222-->[androidx.work:work-runtime:2.9.1] AndroidManifest.xml:57:13-37
223
224        <receiver
224-->[androidx.work:work-runtime:2.9.1] AndroidManifest.xml:61:9-66:35
225            android:name="androidx.work.impl.utils.ForceStopRunnable$BroadcastReceiver"
225-->[androidx.work:work-runtime:2.9.1] AndroidManifest.xml:62:13-88
226            android:directBootAware="false"
226-->[androidx.work:work-runtime:2.9.1] AndroidManifest.xml:63:13-44
227            android:enabled="true"
227-->[androidx.work:work-runtime:2.9.1] AndroidManifest.xml:64:13-35
228            android:exported="false" />
228-->[androidx.work:work-runtime:2.9.1] AndroidManifest.xml:65:13-37
229        <receiver
229-->[androidx.work:work-runtime:2.9.1] AndroidManifest.xml:67:9-77:20
230            android:name="androidx.work.impl.background.systemalarm.ConstraintProxy$BatteryChargingProxy"
230-->[androidx.work:work-runtime:2.9.1] AndroidManifest.xml:68:13-106
231            android:directBootAware="false"
231-->[androidx.work:work-runtime:2.9.1] AndroidManifest.xml:69:13-44
232            android:enabled="false"
232-->[androidx.work:work-runtime:2.9.1] AndroidManifest.xml:70:13-36
233            android:exported="false" >
233-->[androidx.work:work-runtime:2.9.1] AndroidManifest.xml:71:13-37
234            <intent-filter>
234-->[androidx.work:work-runtime:2.9.1] AndroidManifest.xml:73:13-76:29
235                <action android:name="android.intent.action.ACTION_POWER_CONNECTED" />
235-->[androidx.work:work-runtime:2.9.1] AndroidManifest.xml:74:17-87
235-->[androidx.work:work-runtime:2.9.1] AndroidManifest.xml:74:25-84
236                <action android:name="android.intent.action.ACTION_POWER_DISCONNECTED" />
236-->[androidx.work:work-runtime:2.9.1] AndroidManifest.xml:75:17-90
236-->[androidx.work:work-runtime:2.9.1] AndroidManifest.xml:75:25-87
237            </intent-filter>
238        </receiver>
239        <receiver
239-->[androidx.work:work-runtime:2.9.1] AndroidManifest.xml:78:9-88:20
240            android:name="androidx.work.impl.background.systemalarm.ConstraintProxy$BatteryNotLowProxy"
240-->[androidx.work:work-runtime:2.9.1] AndroidManifest.xml:79:13-104
241            android:directBootAware="false"
241-->[androidx.work:work-runtime:2.9.1] AndroidManifest.xml:80:13-44
242            android:enabled="false"
242-->[androidx.work:work-runtime:2.9.1] AndroidManifest.xml:81:13-36
243            android:exported="false" >
243-->[androidx.work:work-runtime:2.9.1] AndroidManifest.xml:82:13-37
244            <intent-filter>
244-->[androidx.work:work-runtime:2.9.1] AndroidManifest.xml:84:13-87:29
245                <action android:name="android.intent.action.BATTERY_OKAY" />
245-->[androidx.work:work-runtime:2.9.1] AndroidManifest.xml:85:17-77
245-->[androidx.work:work-runtime:2.9.1] AndroidManifest.xml:85:25-74
246                <action android:name="android.intent.action.BATTERY_LOW" />
246-->[androidx.work:work-runtime:2.9.1] AndroidManifest.xml:86:17-76
246-->[androidx.work:work-runtime:2.9.1] AndroidManifest.xml:86:25-73
247            </intent-filter>
248        </receiver>
249        <receiver
249-->[androidx.work:work-runtime:2.9.1] AndroidManifest.xml:89:9-99:20
250            android:name="androidx.work.impl.background.systemalarm.ConstraintProxy$StorageNotLowProxy"
250-->[androidx.work:work-runtime:2.9.1] AndroidManifest.xml:90:13-104
251            android:directBootAware="false"
251-->[androidx.work:work-runtime:2.9.1] AndroidManifest.xml:91:13-44
252            android:enabled="false"
252-->[androidx.work:work-runtime:2.9.1] AndroidManifest.xml:92:13-36
253            android:exported="false" >
253-->[androidx.work:work-runtime:2.9.1] AndroidManifest.xml:93:13-37
254            <intent-filter>
254-->[androidx.work:work-runtime:2.9.1] AndroidManifest.xml:95:13-98:29
255                <action android:name="android.intent.action.DEVICE_STORAGE_LOW" />
255-->[androidx.work:work-runtime:2.9.1] AndroidManifest.xml:96:17-83
255-->[androidx.work:work-runtime:2.9.1] AndroidManifest.xml:96:25-80
256                <action android:name="android.intent.action.DEVICE_STORAGE_OK" />
256-->[androidx.work:work-runtime:2.9.1] AndroidManifest.xml:97:17-82
256-->[androidx.work:work-runtime:2.9.1] AndroidManifest.xml:97:25-79
257            </intent-filter>
258        </receiver>
259        <receiver
259-->[androidx.work:work-runtime:2.9.1] AndroidManifest.xml:100:9-109:20
260            android:name="androidx.work.impl.background.systemalarm.ConstraintProxy$NetworkStateProxy"
260-->[androidx.work:work-runtime:2.9.1] AndroidManifest.xml:101:13-103
261            android:directBootAware="false"
261-->[androidx.work:work-runtime:2.9.1] AndroidManifest.xml:102:13-44
262            android:enabled="false"
262-->[androidx.work:work-runtime:2.9.1] AndroidManifest.xml:103:13-36
263            android:exported="false" >
263-->[androidx.work:work-runtime:2.9.1] AndroidManifest.xml:104:13-37
264            <intent-filter>
264-->[androidx.work:work-runtime:2.9.1] AndroidManifest.xml:106:13-108:29
265                <action android:name="android.net.conn.CONNECTIVITY_CHANGE" />
265-->[androidx.work:work-runtime:2.9.1] AndroidManifest.xml:107:17-79
265-->[androidx.work:work-runtime:2.9.1] AndroidManifest.xml:107:25-76
266            </intent-filter>
267        </receiver>
268        <receiver
268-->[androidx.work:work-runtime:2.9.1] AndroidManifest.xml:110:9-121:20
269            android:name="androidx.work.impl.background.systemalarm.RescheduleReceiver"
269-->[androidx.work:work-runtime:2.9.1] AndroidManifest.xml:111:13-88
270            android:directBootAware="false"
270-->[androidx.work:work-runtime:2.9.1] AndroidManifest.xml:112:13-44
271            android:enabled="false"
271-->[androidx.work:work-runtime:2.9.1] AndroidManifest.xml:113:13-36
272            android:exported="false" >
272-->[androidx.work:work-runtime:2.9.1] AndroidManifest.xml:114:13-37
273            <intent-filter>
273-->[androidx.work:work-runtime:2.9.1] AndroidManifest.xml:116:13-120:29
274                <action android:name="android.intent.action.BOOT_COMPLETED" />
274-->[androidx.work:work-runtime:2.9.1] AndroidManifest.xml:117:17-79
274-->[androidx.work:work-runtime:2.9.1] AndroidManifest.xml:117:25-76
275                <action android:name="android.intent.action.TIME_SET" />
275-->[androidx.work:work-runtime:2.9.1] AndroidManifest.xml:118:17-73
275-->[androidx.work:work-runtime:2.9.1] AndroidManifest.xml:118:25-70
276                <action android:name="android.intent.action.TIMEZONE_CHANGED" />
276-->[androidx.work:work-runtime:2.9.1] AndroidManifest.xml:119:17-81
276-->[androidx.work:work-runtime:2.9.1] AndroidManifest.xml:119:25-78
277            </intent-filter>
278        </receiver>